<?xml version="1.0" encoding="UTF-8"?>
<!-- Generated by org.testng.reporters.JUnitReportReporter -->
<testsuite hostname="DESKTOP-J0D1MKP" failures="0" tests="1" name="amazonNewTest.AmazonStory1" time="19.676" errors="0" timestamp="14 Dec 2018 06:07:25 GMT" skipped="0">
  <testcase classname="amazonNewTest.AmazonStory1" name="KindleShopping_Test" time="19.676"/>
</testsuite> <!-- amazonNewTest.AmazonStory1 -->
