<?xml version="1.0" encoding="UTF-8"?>
<!-- Generated by org.testng.reporters.JUnitReportReporter -->
<testsuite hostname="DESKTOP-J0D1MKP" failures="0" tests="1" name="amazonNewTest.AmazonStory1" time="18.510" errors="0" timestamp="30 Dec 2018 15:07:20 GMT" skipped="0">
  <testcase classname="amazonNewTest.AmazonStory1" name="KindleShopping_Test" time="18.510"/>
</testsuite> <!-- amazonNewTest.AmazonStory1 -->
